Traceback (most recent call last):
  File "/home/Django/parser.py", line 76, in <module>
    crawler()
  File "/home/Django/parser.py", line 56, in crawler
    print('\uc548\ub123\uc5b4')
UnicodeEncodeError: 'ascii' codec can't encode characters in position 0-2: ordinal not in range(128)
Traceback (most recent call last):
  File "/home/Django/parser.py", line 76, in <module>
    crawler()
  File "/home/Django/parser.py", line 56, in crawler
    print('\uc548\ub123\uc5b4')
UnicodeEncodeError: 'ascii' codec can't encode characters in position 0-2: ordinal not in range(128)
Traceback (most recent call last):
  File "/home/Django/parser.py", line 76, in <module>
    crawler()
  File "/home/Django/parser.py", line 56, in crawler
    print('\uc548\ub123\uc5b4')
UnicodeEncodeError: 'ascii' codec can't encode characters in position 0-2: ordinal not in range(128)
Traceback (most recent call last):
  File "/home/Django/parser.py", line 76, in <module>
    crawler()
  File "/home/Django/parser.py", line 56, in crawler
    print('\uc548\ub123\uc5b4')
UnicodeEncodeError: 'ascii' codec can't encode characters in position 0-2: ordinal not in range(128)
Traceback (most recent call last):
  File "/home/Django/parser.py", line 76, in <module>
    crawler()
  File "/home/Django/parser.py", line 56, in crawler
    print('\uc548\ub123\uc5b4')
UnicodeEncodeError: 'ascii' codec can't encode characters in position 0-2: ordinal not in range(128)
Traceback (most recent call last):
  File "/home/Django/parser.py", line 76, in <module>
    crawler()
  File "/home/Django/parser.py", line 56, in crawler
    print('\uc548\ub123\uc5b4')
UnicodeEncodeError: 'ascii' codec can't encode characters in position 0-2: ordinal not in range(128)
Traceback (most recent call last):
  File "/home/Django/parser.py", line 76, in <module>
    crawler()
  File "/home/Django/parser.py", line 56, in crawler
    print('\uc548\ub123\uc5b4')
UnicodeEncodeError: 'ascii' codec can't encode characters in position 0-2: ordinal not in range(128)
Traceback (most recent call last):
  File "/home/Django/parser.py", line 76, in <module>
    crawler()
  File "/home/Django/parser.py", line 56, in crawler
    print('\uc548\ub123\uc5b4')
UnicodeEncodeError: 'ascii' codec can't encode characters in position 0-2: ordinal not in range(128)
Traceback (most recent call last):
  File "/home/Django/parser.py", line 76, in <module>
    crawler()
  File "/home/Django/parser.py", line 56, in crawler
    print('\uc548\ub123\uc5b4')
UnicodeEncodeError: 'ascii' codec can't encode characters in position 0-2: ordinal not in range(128)
Traceback (most recent call last):
  File "/home/Django/parser.py", line 69, in <module>
    crawler()
  File "/home/Django/parser.py", line 66, in crawler
    ul.write('\uc5c5\ub370\uc774\ud2b8 \uc548\ub40c\n')
UnicodeEncodeError: 'ascii' codec can't encode characters in position 0-3: ordinal not in range(128)
Traceback (most recent call last):
  File "/home/Django/parser.py", line 69, in <module>
    crawler()
  File "/home/Django/parser.py", line 66, in crawler
    ul.write('\uc5c5\ub370\uc774\ud2b8 \uc548\ub40c\n')
UnicodeEncodeError: 'ascii' codec can't encode characters in position 0-3: ordinal not in range(128)
Traceback (most recent call last):
  File "/home/Django/parser.py", line 69, in <module>
    crawler()
  File "/home/Django/parser.py", line 66, in crawler
    ul.write('\uc5c5\ub370\uc774\ud2b8 \uc548\ub40c\n')
UnicodeEncodeError: 'ascii' codec can't encode characters in position 0-3: ordinal not in range(128)
Traceback (most recent call last):
  File "/home/Django/parser.py", line 69, in <module>
    crawler()
  File "/home/Django/parser.py", line 66, in crawler
    ul.write('\uc5c5\ub370\uc774\ud2b8 \uc548\ub40c\n')
UnicodeEncodeError: 'ascii' codec can't encode characters in position 0-3: ordinal not in range(128)
Traceback (most recent call last):
  File "/home/Django/parser.py", line 69, in <module>
    crawler()
  File "/home/Django/parser.py", line 66, in crawler
    ul.write('\uc5c5\ub370\uc774\ud2b8 \uc548\ub40c\n')
UnicodeEncodeError: 'ascii' codec can't encode characters in position 0-3: ordinal not in range(128)
Traceback (most recent call last):
  File "/home/Django/parser.py", line 69, in <module>
    crawler()
  File "/home/Django/parser.py", line 66, in crawler
    ul.write('\uc5c5\ub370\uc774\ud2b8 \uc548\ub40c\n')
UnicodeEncodeError: 'ascii' codec can't encode characters in position 0-3: ordinal not in range(128)
